<?xml version="1.0" encoding="UTF-8"?>
<testsuite name="mypackage3.MainTest" tests="1" skipped="0" failures="0" errors="0" timestamp="2021-10-26T14:35:40" hostname="laptop" time="0.002">
  <properties/>
  <testcase name="testNoFreeCell" classname="mypackage3.MainTest" time="0.002"/>
  <system-out><![CDATA[]]></system-out>
  <system-err><![CDATA[]]></system-err>
</testsuite>
